[0904/105531.528:INFO:CONSOLE(150)] "Event handler of 'x-storagemutated-1' event must be added on the initial evaluation of worker script.", source: https://static.whatsapp.net/rsrc.php/v3/yo/r/xpW2U8QSdnp.js?_nc_x=Ij3Wp8lg5Kz (150)
[0904/105534.069:INFO:CONSOLE(0)] "Error with Permissions-Policy header: Feature xr-spatial-tracking's parameters are ignored.", source:  (0)
[0904/105534.069:INFO:CONSOLE(0)] "Error with Permissions-Policy header: Origin trial controlled feature not enabled: 'attribution-reporting'.", source:  (0)
[0904/105534.069:INFO:CONSOLE(0)] "Error with Permissions-Policy header: Unrecognized feature: 'compute-pressure'.", source:  (0)
[0904/105534.070:INFO:CONSOLE(0)] "Error with Permissions-Policy header: Origin trial controlled feature not enabled: 'interest-cohort'.", source:  (0)
[0904/105534.071:INFO:CONSOLE(0)] "Error with Permissions-Policy header: Unrecognized feature: 'private-state-token-issuance'.", source:  (0)
[0904/105534.071:INFO:CONSOLE(0)] "Error with Permissions-Policy header: Origin trial controlled feature not enabled: 'shared-storage'.", source:  (0)
[0904/105534.071:INFO:CONSOLE(0)] "Error with Permissions-Policy header: Unrecognized feature: 'shared-storage-select-url'.", source:  (0)
[0904/105534.071:INFO:CONSOLE(0)] "Error with Permissions-Policy header: Unrecognized feature: 'private-state-token-redemption'.", source:  (0)
[0904/105534.071:INFO:CONSOLE(0)] "Error with Permissions-Policy header: Unrecognized feature: 'unload'.", source:  (0)
[0904/105534.071:INFO:CONSOLE(0)] "Error with Permissions-Policy header: Unrecognized feature: 'window-management'.", source:  (0)
[0904/105536.753:INFO:CONSOLE(342)] "WAWebLoggerWorker initialized", source: https://static.whatsapp.net/rsrc.php/v3/yl/r/T-dLJdg-jrQ.js?_nc_x=Ij3Wp8lg5Kz (342)
[0904/105536.782:INFO:CONSOLE(342)] "[storage] start setSchemaVersions from fts worker interface", source: https://static.whatsapp.net/rsrc.php/v3/yl/r/T-dLJdg-jrQ.js?_nc_x=Ij3Wp8lg5Kz (342)
[0904/105536.782:INFO:CONSOLE(342)] "[storage] set schema versions: [model-storage,158,fts-storage,8,jobs-storage,1,lru-media-storage-idb,2,offd-storage,4,qpl-storage,0,signal-storage,6,worker-storage,1,sw,2,wawc,14,wawc_db_enc,2]. is worker? true", source: https://static.whatsapp.net/rsrc.php/v3/yl/r/T-dLJdg-jrQ.js?_nc_x=Ij3Wp8lg5Kz (342)
[0904/105537.055:INFO:CONSOLE(150)] "Event handler of 'x-storagemutated-1' event must be added on the initial evaluation of worker script.", source: https://static.whatsapp.net/rsrc.php/v3/yo/r/xpW2U8QSdnp.js?_nc_x=Ij3Wp8lg5Kz (150)
[0904/105542.120:INFO:CONSOLE(342)] "FTS:Delegate: start indexer", source: https://static.whatsapp.net/rsrc.php/v3/yl/r/T-dLJdg-jrQ.js?_nc_x=Ij3Wp8lg5Kz (342)
[0904/105542.121:INFO:CONSOLE(342)] "FTS:Delegate: start perform init", source: https://static.whatsapp.net/rsrc.php/v3/yl/r/T-dLJdg-jrQ.js?_nc_x=Ij3Wp8lg5Kz (342)
[0904/105542.121:INFO:CONSOLE(342)] "FTS:Delegate: schema versions ready", source: https://static.whatsapp.net/rsrc.php/v3/yl/r/T-dLJdg-jrQ.js?_nc_x=Ij3Wp8lg5Kz (342)
[0904/105542.121:INFO:CONSOLE(342)] "FTS:Delegate: before db initialization", source: https://static.whatsapp.net/rsrc.php/v3/yl/r/T-dLJdg-jrQ.js?_nc_x=Ij3Wp8lg5Kz (342)
[0904/105545.725:INFO:CONSOLE(342)] "FTS:Delegate: after db initialization", source: https://static.whatsapp.net/rsrc.php/v3/yl/r/T-dLJdg-jrQ.js?_nc_x=Ij3Wp8lg5Kz (342)
[0904/105545.726:INFO:CONSOLE(342)] "FTS:Manifest Writer: No changes made, current:['3.1', '1'], latest:['3.1', '1']", source: https://static.whatsapp.net/rsrc.php/v3/yl/r/T-dLJdg-jrQ.js?_nc_x=Ij3Wp8lg5Kz (342)
[0904/105545.726:INFO:CONSOLE(342)] "FTS:Delegate: Inited", source: https://static.whatsapp.net/rsrc.php/v3/yl/r/T-dLJdg-jrQ.js?_nc_x=Ij3Wp8lg5Kz (342)
[0904/105545.726:INFO:CONSOLE(342)] "FTS:Delegate: Init indexing ops", source: https://static.whatsapp.net/rsrc.php/v3/yl/r/T-dLJdg-jrQ.js?_nc_x=Ij3Wp8lg5Kz (342)
[0904/105545.729:INFO:CONSOLE(342)] "FTS:Indexer:indexQueuedBatch: Starting new batch size : 1000", source: https://static.whatsapp.net/rsrc.php/v3/yl/r/T-dLJdg-jrQ.js?_nc_x=Ij3Wp8lg5Kz (342)
[0904/105545.730:INFO:CONSOLE(342)] "FTS:Indexer:indexQueuedBatch: Completed", source: https://static.whatsapp.net/rsrc.php/v3/yl/r/T-dLJdg-jrQ.js?_nc_x=Ij3Wp8lg5Kz (342)
[0904/105844.122:INFO:CONSOLE(342)] "FTS:Indexer:indexQueuedBatch: Starting new batch size : 1000", source: https://static.whatsapp.net/rsrc.php/v3/yl/r/T-dLJdg-jrQ.js?_nc_x=Ij3Wp8lg5Kz (342)
[0904/105844.191:INFO:CONSOLE(342)] "FTS:Indexer:indexQueuedBatch: Completed batch", source: https://static.whatsapp.net/rsrc.php/v3/yl/r/T-dLJdg-jrQ.js?_nc_x=Ij3Wp8lg5Kz (342)
[0904/105844.196:INFO:CONSOLE(342)] "FTS:Indexer:indexQueuedBatch: Completed", source: https://static.whatsapp.net/rsrc.php/v3/yl/r/T-dLJdg-jrQ.js?_nc_x=Ij3Wp8lg5Kz (342)
[0904/114416.879:INFO:CONSOLE(150)] "Event handler of 'x-storagemutated-1' event must be added on the initial evaluation of worker script.", source: https://static.whatsapp.net/rsrc.php/v3/yo/r/xpW2U8QSdnp.js?_nc_x=Ij3Wp8lg5Kz (150)
[0904/135354.177:INFO:CONSOLE(341)] "Failed to parse video contentType: video/mp4; codecs=avc1.42000a", source: https://static.whatsapp.net/rsrc.php/v3iHCc4/yT/l/rt/4liyC8wBYHk.js?_nc_x=Ij3Wp8lg5Kz (341)
[0904/135354.192:INFO:CONSOLE(341)] "Failed to parse video contentType: video/mp4; codecs=hev1.1.6.L93.B0", source: https://static.whatsapp.net/rsrc.php/v3iHCc4/yT/l/rt/4liyC8wBYHk.js?_nc_x=Ij3Wp8lg5Kz (341)
[0904/135404.026:INFO:CONSOLE(150)] "Event handler of 'x-storagemutated-1' event must be added on the initial evaluation of worker script.", source: https://static.whatsapp.net/rsrc.php/v3/yo/r/xpW2U8QSdnp.js?_nc_x=Ij3Wp8lg5Kz (150)
